making the config program
make[1]: Entering directory `/home/soic-os/Work_AOS/bbb-xinu/config'
rm -f config lex.yy.c y.tab.c
/usr/bin/flex config.l
/usr/bin/bison -y	 config.y
/usr/bin/gcc  -o config y.tab.c -lfl
./config Configuration conf.c conf.h
cp -p conf.h ../include
cp -p conf.c ../system
make[1]: Leaving directory `/home/soic-os/Work_AOS/bbb-xinu/config'
making ../system/conf.c
make[1]: Entering directory `/home/soic-os/Work_AOS/bbb-xinu/compile'
forcing a rebuild of conf.h and conf.c
make[2]: Entering directory `/home/soic-os/Work_AOS/bbb-xinu/compile'
creating new version
make[2]: Leaving directory `/home/soic-os/Work_AOS/bbb-xinu/compile'
make[2]: Entering directory `/home/soic-os/Work_AOS/bbb-xinu/config'
cp -p conf.h ../include
cp -p conf.c ../system
make[2]: Leaving directory `/home/soic-os/Work_AOS/bbb-xinu/config'
make[1]: Leaving directory `/home/soic-os/Work_AOS/bbb-xinu/compile'
Rebuilding the .defs file
arm-none-eabi-gcc -mcpu=cortex-a8 -mno-unaligned-access -marm -fno-builtin -fno-stack-protector -nostdlib -c -Wall -O -DBSDURG -DVERSION=\""`cat version`"\" -I../include -o binaries/start.o ../system/start.S
arm-none-eabi-gcc -mcpu=cortex-a8 -mno-unaligned-access -marm -fno-builtin -fno-stack-protector -nostdlib -c -Wall -O -DBSDURG -DVERSION=\""`cat version`"\" -I../include -o binaries/ascdate.o ../system/ascdate.c
arm-none-eabi-gcc -mcpu=cortex-a8 -mno-unaligned-access -marm -fno-builtin -fno-stack-protector -nostdlib -c -Wall -O -DBSDURG -DVERSION=\""`cat version`"\" -I../include -o binaries/bufinit.o ../system/bufinit.c
arm-none-eabi-gcc -mcpu=cortex-a8 -mno-unaligned-access -marm -fno-builtin -fno-stack-protector -nostdlib -c -Wall -O -DBSDURG -DVERSION=\""`cat version`"\" -I../include -o binaries/chprio.o ../system/chprio.c
arm-none-eabi-gcc -mcpu=cortex-a8 -mno-unaligned-access -marm -fno-builtin -fno-stack-protector -nostdlib -c -Wall -O -DBSDURG -DVERSION=\""`cat version`"\" -I../include -o binaries/clkhandler.o ../system/clkhandler.c
arm-none-eabi-gcc -mcpu=cortex-a8 -mno-unaligned-access -marm -fno-builtin -fno-stack-protector -nostdlib -c -Wall -O -DBSDURG -DVERSION=\""`cat version`"\" -I../include -o binaries/clkinit.o ../system/clkinit.c
arm-none-eabi-gcc -mcpu=cortex-a8 -mno-unaligned-access -marm -fno-builtin -fno-stack-protector -nostdlib -c -Wall -O -DBSDURG -DVERSION=\""`cat version`"\" -I../include -o binaries/close.o ../system/close.c
arm-none-eabi-gcc -mcpu=cortex-a8 -mno-unaligned-access -marm -fno-builtin -fno-stack-protector -nostdlib -c -Wall -O -DBSDURG -DVERSION=\""`cat version`"\" -I../include -o binaries/conf.o ../system/conf.c
arm-none-eabi-gcc -mcpu=cortex-a8 -mno-unaligned-access -marm -fno-builtin -fno-stack-protector -nostdlib -c -Wall -O -DBSDURG -DVERSION=\""`cat version`"\" -I../include -o binaries/control.o ../system/control.c
arm-none-eabi-gcc -mcpu=cortex-a8 -mno-unaligned-access -marm -fno-builtin -fno-stack-protector -nostdlib -c -Wall -O -DBSDURG -DVERSION=\""`cat version`"\" -I../include -o binaries/create.o ../system/create.c
arm-none-eabi-gcc -mcpu=cortex-a8 -mno-unaligned-access -marm -fno-builtin -fno-stack-protector -nostdlib -c -Wall -O -DBSDURG -DVERSION=\""`cat version`"\" -I../include -o binaries/custom_q.o ../system/custom_q.c
