making the config program
make[1]: Entering directory `/home/soic-os/Work_AOS/bbb-xinu/config'
rm -f config lex.yy.c y.tab.c
/usr/bin/flex config.l
/usr/bin/bison -y	 config.y
/usr/bin/gcc  -o config y.tab.c -lfl
./config Configuration conf.c conf.h
cp -p conf.h ../include
cp -p conf.c ../system
make[1]: Leaving directory `/home/soic-os/Work_AOS/bbb-xinu/config'
making ../system/conf.c
make[1]: Entering directory `/home/soic-os/Work_AOS/bbb-xinu/compile'
forcing a rebuild of conf.h and conf.c
make[2]: Entering directory `/home/soic-os/Work_AOS/bbb-xinu/compile'
creating new version
make[2]: Leaving directory `/home/soic-os/Work_AOS/bbb-xinu/compile'
make[2]: Entering directory `/home/soic-os/Work_AOS/bbb-xinu/config'
cp -p conf.h ../include
cp -p conf.c ../system
make[2]: Leaving directory `/home/soic-os/Work_AOS/bbb-xinu/config'
make[1]: Leaving directory `/home/soic-os/Work_AOS/bbb-xinu/compile'
Rebuilding the .defs file
arm-none-eabi-gcc -mcpu=cortex-a8 -mno-unaligned-access -marm -fno-builtin -fno-stack-protector -nostdlib -c -Wall -O -DBSDURG -DVERSION=\""`cat version`"\" -I../include -o binaries/start.o ../system/start.S
arm-none-eabi-gcc -mcpu=cortex-a8 -mno-unaligned-access -marm -fno-builtin -fno-stack-protector -nostdlib -c -Wall -O -DBSDURG -DVERSION=\""`cat version`"\" -I../include -o binaries/ascdate.o ../system/ascdate.c
arm-none-eabi-gcc -mcpu=cortex-a8 -mno-unaligned-access -marm -fno-builtin -fno-stack-protector -nostdlib -c -Wall -O -DBSDURG -DVERSION=\""`cat version`"\" -I../include -o binaries/bufinit.o ../system/bufinit.c
arm-none-eabi-gcc -mcpu=cortex-a8 -mno-unaligned-access -marm -fno-builtin -fno-stack-protector -nostdlib -c -Wall -O -DBSDURG -DVERSION=\""`cat version`"\" -I../include -o binaries/chprio.o ../system/chprio.c
arm-none-eabi-gcc -mcpu=cortex-a8 -mno-unaligned-access -marm -fno-builtin -fno-stack-protector -nostdlib -c -Wall -O -DBSDURG -DVERSION=\""`cat version`"\" -I../include -o binaries/clkhandler.o ../system/clkhandler.c
arm-none-eabi-gcc -mcpu=cortex-a8 -mno-unaligned-access -marm -fno-builtin -fno-stack-protector -nostdlib -c -Wall -O -DBSDURG -DVERSION=\""`cat version`"\" -I../include -o binaries/clkinit.o ../system/clkinit.c
arm-none-eabi-gcc -mcpu=cortex-a8 -mno-unaligned-access -marm -fno-builtin -fno-stack-protector -nostdlib -c -Wall -O -DBSDURG -DVERSION=\""`cat version`"\" -I../include -o binaries/close.o ../system/close.c
arm-none-eabi-gcc -mcpu=cortex-a8 -mno-unaligned-access -marm -fno-builtin -fno-stack-protector -nostdlib -c -Wall -O -DBSDURG -DVERSION=\""`cat version`"\" -I../include -o binaries/conf.o ../system/conf.c
arm-none-eabi-gcc -mcpu=cortex-a8 -mno-unaligned-access -marm -fno-builtin -fno-stack-protector -nostdlib -c -Wall -O -DBSDURG -DVERSION=\""`cat version`"\" -I../include -o binaries/control.o ../system/control.c
arm-none-eabi-gcc -mcpu=cortex-a8 -mno-unaligned-access -marm -fno-builtin -fno-stack-protector -nostdlib -c -Wall -O -DBSDURG -DVERSION=\""`cat version`"\" -I../include -o binaries/create.o ../system/create.c
arm-none-eabi-gcc -mcpu=cortex-a8 -mno-unaligned-access -marm -fno-builtin -fno-stack-protector -nostdlib -c -Wall -O -DBSDURG -DVERSION=\""`cat version`"\" -I../include -o binaries/custom_q.o ../system/custom_q.c
arm-none-eabi-gcc -mcpu=cortex-a8 -mno-unaligned-access -marm -fno-builtin -fno-stack-protector -nostdlib -c -Wall -O -DBSDURG -DVERSION=\""`cat version`"\" -I../include -o binaries/evec.o ../system/evec.c
arm-none-eabi-gcc -mcpu=cortex-a8 -mno-unaligned-access -marm -fno-builtin -fno-stack-protector -nostdlib -c -Wall -O -DBSDURG -DVERSION=\""`cat version`"\" -I../include -o binaries/exit.o ../system/exit.c
arm-none-eabi-gcc -mcpu=cortex-a8 -mno-unaligned-access -marm -fno-builtin -fno-stack-protector -nostdlib -c -Wall -O -DBSDURG -DVERSION=\""`cat version`"\" -I../include -o binaries/freebuf.o ../system/freebuf.c
arm-none-eabi-gcc -mcpu=cortex-a8 -mno-unaligned-access -marm -fno-builtin -fno-stack-protector -nostdlib -c -Wall -O -DBSDURG -DVERSION=\""`cat version`"\" -I../include -o binaries/freemem.o ../system/freemem.c
arm-none-eabi-gcc -mcpu=cortex-a8 -mno-unaligned-access -marm -fno-builtin -fno-stack-protector -nostdlib -c -Wall -O -DBSDURG -DVERSION=\""`cat version`"\" -I../include -o binaries/future_alloc.o ../system/future_alloc.c
arm-none-eabi-gcc -mcpu=cortex-a8 -mno-unaligned-access -marm -fno-builtin -fno-stack-protector -nostdlib -c -Wall -O -DBSDURG -DVERSION=\""`cat version`"\" -I../include -o binaries/future_free.o ../system/future_free.c
arm-none-eabi-gcc -mcpu=cortex-a8 -mno-unaligned-access -marm -fno-builtin -fno-stack-protector -nostdlib -c -Wall -O -DBSDURG -DVERSION=\""`cat version`"\" -I../include -o binaries/future_get.o ../system/future_get.c
arm-none-eabi-gcc -mcpu=cortex-a8 -mno-unaligned-access -marm -fno-builtin -fno-stack-protector -nostdlib -c -Wall -O -DBSDURG -DVERSION=\""`cat version`"\" -I../include -o binaries/future_set.o ../system/future_set.c
arm-none-eabi-gcc -mcpu=cortex-a8 -mno-unaligned-access -marm -fno-builtin -fno-stack-protector -nostdlib -c -Wall -O -DBSDURG -DVERSION=\""`cat version`"\" -I../include -o binaries/getbuf.o ../system/getbuf.c
arm-none-eabi-gcc -mcpu=cortex-a8 -mno-unaligned-access -marm -fno-builtin -fno-stack-protector -nostdlib -c -Wall -O -DBSDURG -DVERSION=\""`cat version`"\" -I../include -o binaries/getc.o ../system/getc.c
arm-none-eabi-gcc -mcpu=cortex-a8 -mno-unaligned-access -marm -fno-builtin -fno-stack-protector -nostdlib -c -Wall -O -DBSDURG -DVERSION=\""`cat version`"\" -I../include -o binaries/getdev.o ../system/getdev.c
arm-none-eabi-gcc -mcpu=cortex-a8 -mno-unaligned-access -marm -fno-builtin -fno-stack-protector -nostdlib -c -Wall -O -DBSDURG -DVERSION=\""`cat version`"\" -I../include -o binaries/getitem.o ../system/getitem.c
arm-none-eabi-gcc -mcpu=cortex-a8 -mno-unaligned-access -marm -fno-builtin -fno-stack-protector -nostdlib -c -Wall -O -DBSDURG -DVERSION=\""`cat version`"\" -I../include -o binaries/getmem.o ../system/getmem.c
arm-none-eabi-gcc -mcpu=cortex-a8 -mno-unaligned-access -marm -fno-builtin -fno-stack-protector -nostdlib -c -Wall -O -DBSDURG -DVERSION=\""`cat version`"\" -I../include -o binaries/getpid.o ../system/getpid.c
arm-none-eabi-gcc -mcpu=cortex-a8 -mno-unaligned-access -marm -fno-builtin -fno-stack-protector -nostdlib -c -Wall -O -DBSDURG -DVERSION=\""`cat version`"\" -I../include -o binaries/getprio.o ../system/getprio.c
arm-none-eabi-gcc -mcpu=cortex-a8 -mno-unaligned-access -marm -fno-builtin -fno-stack-protector -nostdlib -c -Wall -O -DBSDURG -DVERSION=\""`cat version`"\" -I../include -o binaries/getstk.o ../system/getstk.c
arm-none-eabi-gcc -mcpu=cortex-a8 -mno-unaligned-access -marm -fno-builtin -fno-stack-protector -nostdlib -c -Wall -O -DBSDURG -DVERSION=\""`cat version`"\" -I../include -o binaries/gettime.o ../system/gettime.c
arm-none-eabi-gcc -mcpu=cortex-a8 -mno-unaligned-access -marm -fno-builtin -fno-stack-protector -nostdlib -c -Wall -O -DBSDURG -DVERSION=\""`cat version`"\" -I../include -o binaries/getutime.o ../system/getutime.c
arm-none-eabi-gcc -mcpu=cortex-a8 -mno-unaligned-access -marm -fno-builtin -fno-stack-protector -nostdlib -c -Wall -O -DBSDURG -DVERSION=\""`cat version`"\" -I../include -o binaries/init.o ../system/init.c
arm-none-eabi-gcc -mcpu=cortex-a8 -mno-unaligned-access -marm -fno-builtin -fno-stack-protector -nostdlib -c -Wall -O -DBSDURG -DVERSION=\""`cat version`"\" -I../include -o binaries/initialize.o ../system/initialize.c
arm-none-eabi-gcc -mcpu=cortex-a8 -mno-unaligned-access -marm -fno-builtin -fno-stack-protector -nostdlib -c -Wall -O -DBSDURG -DVERSION=\""`cat version`"\" -I../include -o binaries/insert.o ../system/insert.c
arm-none-eabi-gcc -mcpu=cortex-a8 -mno-unaligned-access -marm -fno-builtin -fno-stack-protector -nostdlib -c -Wall -O -DBSDURG -DVERSION=\""`cat version`"\" -I../include -o binaries/insertd.o ../system/insertd.c
arm-none-eabi-gcc -mcpu=cortex-a8 -mno-unaligned-access -marm -fno-builtin -fno-stack-protector -nostdlib -c -Wall -O -DBSDURG -DVERSION=\""`cat version`"\" -I../include -o binaries/ioerr.o ../system/ioerr.c
arm-none-eabi-gcc -mcpu=cortex-a8 -mno-unaligned-access -marm -fno-builtin -fno-stack-protector -nostdlib -c -Wall -O -DBSDURG -DVERSION=\""`cat version`"\" -I../include -o binaries/ionull.o ../system/ionull.c
arm-none-eabi-gcc -mcpu=cortex-a8 -mno-unaligned-access -marm -fno-builtin -fno-stack-protector -nostdlib -c -Wall -O -DBSDURG -DVERSION=\""`cat version`"\" -I../include -o binaries/kill.o ../system/kill.c
arm-none-eabi-gcc -mcpu=cortex-a8 -mno-unaligned-access -marm -fno-builtin -fno-stack-protector -nostdlib -c -Wall -O -DBSDURG -DVERSION=\""`cat version`"\" -I../include -o binaries/kprintf.o ../system/kprintf.c
arm-none-eabi-gcc -mcpu=cortex-a8 -mno-unaligned-access -marm -fno-builtin -fno-stack-protector -nostdlib -c -Wall -O -DBSDURG -DVERSION=\""`cat version`"\" -I../include -o binaries/main.o ../system/main.c
arm-none-eabi-gcc -mcpu=cortex-a8 -mno-unaligned-access -marm -fno-builtin -fno-stack-protector -nostdlib -c -Wall -O -DBSDURG -DVERSION=\""`cat version`"\" -I../include -o binaries/mark.o ../system/mark.c
arm-none-eabi-gcc -mcpu=cortex-a8 -mno-unaligned-access -marm -fno-builtin -fno-stack-protector -nostdlib -c -Wall -O -DBSDURG -DVERSION=\""`cat version`"\" -I../include -o binaries/meminit.o ../system/meminit.c
arm-none-eabi-gcc -mcpu=cortex-a8 -mno-unaligned-access -marm -fno-builtin -fno-stack-protector -nostdlib -c -Wall -O -DBSDURG -DVERSION=\""`cat version`"\" -I../include -o binaries/mkbufpool.o ../system/mkbufpool.c
arm-none-eabi-gcc -mcpu=cortex-a8 -mno-unaligned-access -marm -fno-builtin -fno-stack-protector -nostdlib -c -Wall -O -DBSDURG -DVERSION=\""`cat version`"\" -I../include -o binaries/newqueue.o ../system/newqueue.c
arm-none-eabi-gcc -mcpu=cortex-a8 -mno-unaligned-access -marm -fno-builtin -fno-stack-protector -nostdlib -c -Wall -O -DBSDURG -DVERSION=\""`cat version`"\" -I../include -o binaries/open.o ../system/open.c
arm-none-eabi-gcc -mcpu=cortex-a8 -mno-unaligned-access -marm -fno-builtin -fno-stack-protector -nostdlib -c -Wall -O -DBSDURG -DVERSION=\""`cat version`"\" -I../include -o binaries/panic.o ../system/panic.c
arm-none-eabi-gcc -mcpu=cortex-a8 -mno-unaligned-access -marm -fno-builtin -fno-stack-protector -nostdlib -c -Wall -O -DBSDURG -DVERSION=\""`cat version`"\" -I../include -o binaries/platinit.o ../system/platinit.c
arm-none-eabi-gcc -mcpu=cortex-a8 -mno-unaligned-access -marm -fno-builtin -fno-stack-protector -nostdlib -c -Wall -O -DBSDURG -DVERSION=\""`cat version`"\" -I../include -o binaries/ptclear.o ../system/ptclear.c
arm-none-eabi-gcc -mcpu=cortex-a8 -mno-unaligned-access -marm -fno-builtin -fno-stack-protector -nostdlib -c -Wall -O -DBSDURG -DVERSION=\""`cat version`"\" -I../include -o binaries/ptcount.o ../system/ptcount.c
arm-none-eabi-gcc -mcpu=cortex-a8 -mno-unaligned-access -marm -fno-builtin -fno-stack-protector -nostdlib -c -Wall -O -DBSDURG -DVERSION=\""`cat version`"\" -I../include -o binaries/ptcreate.o ../system/ptcreate.c
arm-none-eabi-gcc -mcpu=cortex-a8 -mno-unaligned-access -marm -fno-builtin -fno-stack-protector -nostdlib -c -Wall -O -DBSDURG -DVERSION=\""`cat version`"\" -I../include -o binaries/ptdelete.o ../system/ptdelete.c
arm-none-eabi-gcc -mcpu=cortex-a8 -mno-unaligned-access -marm -fno-builtin -fno-stack-protector -nostdlib -c -Wall -O -DBSDURG -DVERSION=\""`cat version`"\" -I../include -o binaries/ptinit.o ../system/ptinit.c
arm-none-eabi-gcc -mcpu=cortex-a8 -mno-unaligned-access -marm -fno-builtin -fno-stack-protector -nostdlib -c -Wall -O -DBSDURG -DVERSION=\""`cat version`"\" -I../include -o binaries/ptrecv.o ../system/ptrecv.c
arm-none-eabi-gcc -mcpu=cortex-a8 -mno-unaligned-access -marm -fno-builtin -fno-stack-protector -nostdlib -c -Wall -O -DBSDURG -DVERSION=\""`cat version`"\" -I../include -o binaries/ptreset.o ../system/ptreset.c
arm-none-eabi-gcc -mcpu=cortex-a8 -mno-unaligned-access -marm -fno-builtin -fno-stack-protector -nostdlib -c -Wall -O -DBSDURG -DVERSION=\""`cat version`"\" -I../include -o binaries/ptsend.o ../system/ptsend.c
arm-none-eabi-gcc -mcpu=cortex-a8 -mno-unaligned-access -marm -fno-builtin -fno-stack-protector -nostdlib -c -Wall -O -DBSDURG -DVERSION=\""`cat version`"\" -I../include -o binaries/putc.o ../system/putc.c
arm-none-eabi-gcc -mcpu=cortex-a8 -mno-unaligned-access -marm -fno-builtin -fno-stack-protector -nostdlib -c -Wall -O -DBSDURG -DVERSION=\""`cat version`"\" -I../include -o binaries/queue.o ../system/queue.c
arm-none-eabi-gcc -mcpu=cortex-a8 -mno-unaligned-access -marm -fno-builtin -fno-stack-protector -nostdlib -c -Wall -O -DBSDURG -DVERSION=\""`cat version`"\" -I../include -o binaries/read.o ../system/read.c
arm-none-eabi-gcc -mcpu=cortex-a8 -mno-unaligned-access -marm -fno-builtin -fno-stack-protector -nostdlib -c -Wall -O -DBSDURG -DVERSION=\""`cat version`"\" -I../include -o binaries/ready.o ../system/ready.c
arm-none-eabi-gcc -mcpu=cortex-a8 -mno-unaligned-access -marm -fno-builtin -fno-stack-protector -nostdlib -c -Wall -O -DBSDURG -DVERSION=\""`cat version`"\" -I../include -o binaries/receive.o ../system/receive.c
arm-none-eabi-gcc -mcpu=cortex-a8 -mno-unaligned-access -marm -fno-builtin -fno-stack-protector -nostdlib -c -Wall -O -DBSDURG -DVERSION=\""`cat version`"\" -I../include -o binaries/recvclr.o ../system/recvclr.c
arm-none-eabi-gcc -mcpu=cortex-a8 -mno-unaligned-access -marm -fno-builtin -fno-stack-protector -nostdlib -c -Wall -O -DBSDURG -DVERSION=\""`cat version`"\" -I../include -o binaries/recvtime.o ../system/recvtime.c
arm-none-eabi-gcc -mcpu=cortex-a8 -mno-unaligned-access -marm -fno-builtin -fno-stack-protector -nostdlib -c -Wall -O -DBSDURG -DVERSION=\""`cat version`"\" -I../include -o binaries/resched.o ../system/resched.c
arm-none-eabi-gcc -mcpu=cortex-a8 -mno-unaligned-access -marm -fno-builtin -fno-stack-protector -nostdlib -c -Wall -O -DBSDURG -DVERSION=\""`cat version`"\" -I../include -o binaries/resume.o ../system/resume.c
arm-none-eabi-gcc -mcpu=cortex-a8 -mno-unaligned-access -marm -fno-builtin -fno-stack-protector -nostdlib -c -Wall -O -DBSDURG -DVERSION=\""`cat version`"\" -I../include -o binaries/seek.o ../system/seek.c
arm-none-eabi-gcc -mcpu=cortex-a8 -mno-unaligned-access -marm -fno-builtin -fno-stack-protector -nostdlib -c -Wall -O -DBSDURG -DVERSION=\""`cat version`"\" -I../include -o binaries/semcount.o ../system/semcount.c
arm-none-eabi-gcc -mcpu=cortex-a8 -mno-unaligned-access -marm -fno-builtin -fno-stack-protector -nostdlib -c -Wall -O -DBSDURG -DVERSION=\""`cat version`"\" -I../include -o binaries/semcreate.o ../system/semcreate.c
arm-none-eabi-gcc -mcpu=cortex-a8 -mno-unaligned-access -marm -fno-builtin -fno-stack-protector -nostdlib -c -Wall -O -DBSDURG -DVERSION=\""`cat version`"\" -I../include -o binaries/semdelete.o ../system/semdelete.c
arm-none-eabi-gcc -mcpu=cortex-a8 -mno-unaligned-access -marm -fno-builtin -fno-stack-protector -nostdlib -c -Wall -O -DBSDURG -DVERSION=\""`cat version`"\" -I../include -o binaries/semreset.o ../system/semreset.c
arm-none-eabi-gcc -mcpu=cortex-a8 -mno-unaligned-access -marm -fno-builtin -fno-stack-protector -nostdlib -c -Wall -O -DBSDURG -DVERSION=\""`cat version`"\" -I../include -o binaries/send.o ../system/send.c
arm-none-eabi-gcc -mcpu=cortex-a8 -mno-unaligned-access -marm -fno-builtin -fno-stack-protector -nostdlib -c -Wall -O -DBSDURG -DVERSION=\""`cat version`"\" -I../include -o binaries/signal.o ../system/signal.c
arm-none-eabi-gcc -mcpu=cortex-a8 -mno-unaligned-access -marm -fno-builtin -fno-stack-protector -nostdlib -c -Wall -O -DBSDURG -DVERSION=\""`cat version`"\" -I../include -o binaries/signaln.o ../system/signaln.c
arm-none-eabi-gcc -mcpu=cortex-a8 -mno-unaligned-access -marm -fno-builtin -fno-stack-protector -nostdlib -c -Wall -O -DBSDURG -DVERSION=\""`cat version`"\" -I../include -o binaries/sleep.o ../system/sleep.c
arm-none-eabi-gcc -mcpu=cortex-a8 -mno-unaligned-access -marm -fno-builtin -fno-stack-protector -nostdlib -c -Wall -O -DBSDURG -DVERSION=\""`cat version`"\" -I../include -o binaries/suspend.o ../system/suspend.c
arm-none-eabi-gcc -mcpu=cortex-a8 -mno-unaligned-access -marm -fno-builtin -fno-stack-protector -nostdlib -c -Wall -O -DBSDURG -DVERSION=\""`cat version`"\" -I../include -o binaries/unsleep.o ../system/unsleep.c
arm-none-eabi-gcc -mcpu=cortex-a8 -mno-unaligned-access -marm -fno-builtin -fno-stack-protector -nostdlib -c -Wall -O -DBSDURG -DVERSION=\""`cat version`"\" -I../include -o binaries/userret.o ../system/userret.c
arm-none-eabi-gcc -mcpu=cortex-a8 -mno-unaligned-access -marm -fno-builtin -fno-stack-protector -nostdlib -c -Wall -O -DBSDURG -DVERSION=\""`cat version`"\" -I../include -o binaries/wait.o ../system/wait.c
arm-none-eabi-gcc -mcpu=cortex-a8 -mno-unaligned-access -marm -fno-builtin -fno-stack-protector -nostdlib -c -Wall -O -DBSDURG -DVERSION=\""`cat version`"\" -I../include -o binaries/wakeup.o ../system/wakeup.c
arm-none-eabi-gcc -mcpu=cortex-a8 -mno-unaligned-access -marm -fno-builtin -fno-stack-protector -nostdlib -c -Wall -O -DBSDURG -DVERSION=\""`cat version`"\" -I../include -o binaries/write.o ../system/write.c
arm-none-eabi-gcc -mcpu=cortex-a8 -mno-unaligned-access -marm -fno-builtin -fno-stack-protector -nostdlib -c -Wall -O -DBSDURG -DVERSION=\""`cat version`"\" -I../include -o binaries/xdone.o ../system/xdone.c
arm-none-eabi-gcc -mcpu=cortex-a8 -mno-unaligned-access -marm -fno-builtin -fno-stack-protector -nostdlib -c -Wall -O -DBSDURG -DVERSION=\""`cat version`"\" -I../include -o binaries/yield.o ../system/yield.c
arm-none-eabi-gcc -mcpu=cortex-a8 -mno-unaligned-access -marm -fno-builtin -fno-stack-protector -nostdlib -c -Wall -O -DBSDURG -DVERSION=\""`cat version`"\" -I../include -o binaries/abs.o ../lib/abs.c
arm-none-eabi-gcc -mcpu=cortex-a8 -mno-unaligned-access -marm -fno-builtin -fno-stack-protector -nostdlib -c -Wall -O -DBSDURG -DVERSION=\""`cat version`"\" -I../include -o binaries/atoi.o ../lib/atoi.c
arm-none-eabi-gcc -mcpu=cortex-a8 -mno-unaligned-access -marm -fno-builtin -fno-stack-protector -nostdlib -c -Wall -O -DBSDURG -DVERSION=\""`cat version`"\" -I../include -o binaries/atol.o ../lib/atol.c
arm-none-eabi-gcc -mcpu=cortex-a8 -mno-unaligned-access -marm -fno-builtin -fno-stack-protector -nostdlib -c -Wall -O -DBSDURG -DVERSION=\""`cat version`"\" -I../include -o binaries/bzero.o ../lib/bzero.c
arm-none-eabi-gcc -mcpu=cortex-a8 -mno-unaligned-access -marm -fno-builtin -fno-stack-protector -nostdlib -c -Wall -O -DBSDURG -DVERSION=\""`cat version`"\" -I../include -o binaries/ctype_.o ../lib/ctype_.c
arm-none-eabi-gcc -mcpu=cortex-a8 -mno-unaligned-access -marm -fno-builtin -fno-stack-protector -nostdlib -c -Wall -O -DBSDURG -DVERSION=\""`cat version`"\" -I../include -o binaries/doprnt.o ../lib/doprnt.c
arm-none-eabi-gcc -mcpu=cortex-a8 -mno-unaligned-access -marm -fno-builtin -fno-stack-protector -nostdlib -c -Wall -O -DBSDURG -DVERSION=\""`cat version`"\" -I../include -o binaries/doscan.o ../lib/doscan.c
arm-none-eabi-gcc -mcpu=cortex-a8 -mno-unaligned-access -marm -fno-builtin -fno-stack-protector -nostdlib -c -Wall -O -DBSDURG -DVERSION=\""`cat version`"\" -I../include -o binaries/fdoprnt.o ../lib/fdoprnt.c
arm-none-eabi-gcc -mcpu=cortex-a8 -mno-unaligned-access -marm -fno-builtin -fno-stack-protector -nostdlib -c -Wall -O -DBSDURG -DVERSION=\""`cat version`"\" -I../include -o binaries/fgetc.o ../lib/fgetc.c
arm-none-eabi-gcc -mcpu=cortex-a8 -mno-unaligned-access -marm -fno-builtin -fno-stack-protector -nostdlib -c -Wall -O -DBSDURG -DVERSION=\""`cat version`"\" -I../include -o binaries/fgets.o ../lib/fgets.c
arm-none-eabi-gcc -mcpu=cortex-a8 -mno-unaligned-access -marm -fno-builtin -fno-stack-protector -nostdlib -c -Wall -O -DBSDURG -DVERSION=\""`cat version`"\" -I../include -o binaries/fprintf.o ../lib/fprintf.c
arm-none-eabi-gcc -mcpu=cortex-a8 -mno-unaligned-access -marm -fno-builtin -fno-stack-protector -nostdlib -c -Wall -O -DBSDURG -DVERSION=\""`cat version`"\" -I../include -o binaries/fputc.o ../lib/fputc.c
arm-none-eabi-gcc -mcpu=cortex-a8 -mno-unaligned-access -marm -fno-builtin -fno-stack-protector -nostdlib -c -Wall -O -DBSDURG -DVERSION=\""`cat version`"\" -I../include -o binaries/fputs.o ../lib/fputs.c
arm-none-eabi-gcc -mcpu=cortex-a8 -mno-unaligned-access -marm -fno-builtin -fno-stack-protector -nostdlib -c -Wall -O -DBSDURG -DVERSION=\""`cat version`"\" -I../include -o binaries/fscanf.o ../lib/fscanf.c
arm-none-eabi-gcc -mcpu=cortex-a8 -mno-unaligned-access -marm -fno-builtin -fno-stack-protector -nostdlib -c -Wall -O -DBSDURG -DVERSION=\""`cat version`"\" -I../include -o binaries/getchar.o ../lib/getchar.c
arm-none-eabi-gcc -mcpu=cortex-a8 -mno-unaligned-access -marm -fno-builtin -fno-stack-protector -nostdlib -c -Wall -O -DBSDURG -DVERSION=\""`cat version`"\" -I../include -o binaries/labs.o ../lib/labs.c
arm-none-eabi-gcc -mcpu=cortex-a8 -mno-unaligned-access -marm -fno-builtin -fno-stack-protector -nostdlib -c -Wall -O -DBSDURG -DVERSION=\""`cat version`"\" -I../include -o binaries/memchr.o ../lib/memchr.c
arm-none-eabi-gcc -mcpu=cortex-a8 -mno-unaligned-access -marm -fno-builtin -fno-stack-protector -nostdlib -c -Wall -O -DBSDURG -DVERSION=\""`cat version`"\" -I../include -o binaries/memcmp.o ../lib/memcmp.c
arm-none-eabi-gcc -mcpu=cortex-a8 -mno-unaligned-access -marm -fno-builtin -fno-stack-protector -nostdlib -c -Wall -O -DBSDURG -DVERSION=\""`cat version`"\" -I../include -o binaries/memcpy.o ../lib/memcpy.c
arm-none-eabi-gcc -mcpu=cortex-a8 -mno-unaligned-access -marm -fno-builtin -fno-stack-protector -nostdlib -c -Wall -O -DBSDURG -DVERSION=\""`cat version`"\" -I../include -o binaries/memset.o ../lib/memset.c
arm-none-eabi-gcc -mcpu=cortex-a8 -mno-unaligned-access -marm -fno-builtin -fno-stack-protector -nostdlib -c -Wall -O -DBSDURG -DVERSION=\""`cat version`"\" -I../include -o binaries/printf.o ../lib/printf.c
arm-none-eabi-gcc -mcpu=cortex-a8 -mno-unaligned-access -marm -fno-builtin -fno-stack-protector -nostdlib -c -Wall -O -DBSDURG -DVERSION=\""`cat version`"\" -I../include -o binaries/putchar.o ../lib/putchar.c
arm-none-eabi-gcc -mcpu=cortex-a8 -mno-unaligned-access -marm -fno-builtin -fno-stack-protector -nostdlib -c -Wall -O -DBSDURG -DVERSION=\""`cat version`"\" -I../include -o binaries/qsort.o ../lib/qsort.c
arm-none-eabi-gcc -mcpu=cortex-a8 -mno-unaligned-access -marm -fno-builtin -fno-stack-protector -nostdlib -c -Wall -O -DBSDURG -DVERSION=\""`cat version`"\" -I../include -o binaries/rand.o ../lib/rand.c
arm-none-eabi-gcc -mcpu=cortex-a8 -mno-unaligned-access -marm -fno-builtin -fno-stack-protector -nostdlib -c -Wall -O -DBSDURG -DVERSION=\""`cat version`"\" -I../include -o binaries/sprintf.o ../lib/sprintf.c
arm-none-eabi-gcc -mcpu=cortex-a8 -mno-unaligned-access -marm -fno-builtin -fno-stack-protector -nostdlib -c -Wall -O -DBSDURG -DVERSION=\""`cat version`"\" -I../include -o binaries/sscanf.o ../lib/sscanf.c
arm-none-eabi-gcc -mcpu=cortex-a8 -mno-unaligned-access -marm -fno-builtin -fno-stack-protector -nostdlib -c -Wall -O -DBSDURG -DVERSION=\""`cat version`"\" -I../include -o binaries/strchr.o ../lib/strchr.c
arm-none-eabi-gcc -mcpu=cortex-a8 -mno-unaligned-access -marm -fno-builtin -fno-stack-protector -nostdlib -c -Wall -O -DBSDURG -DVERSION=\""`cat version`"\" -I../include -o binaries/strcmp.o ../lib/strcmp.c
arm-none-eabi-gcc -mcpu=cortex-a8 -mno-unaligned-access -marm -fno-builtin -fno-stack-protector -nostdlib -c -Wall -O -DBSDURG -DVERSION=\""`cat version`"\" -I../include -o binaries/strcpy.o ../lib/strcpy.c
arm-none-eabi-gcc -mcpu=cortex-a8 -mno-unaligned-access -marm -fno-builtin -fno-stack-protector -nostdlib -c -Wall -O -DBSDURG -DVERSION=\""`cat version`"\" -I../include -o binaries/strlen.o ../lib/strlen.c
arm-none-eabi-gcc -mcpu=cortex-a8 -mno-unaligned-access -marm -fno-builtin -fno-stack-protector -nostdlib -c -Wall -O -DBSDURG -DVERSION=\""`cat version`"\" -I../include -o binaries/strncat.o ../lib/strncat.c
arm-none-eabi-gcc -mcpu=cortex-a8 -mno-unaligned-access -marm -fno-builtin -fno-stack-protector -nostdlib -c -Wall -O -DBSDURG -DVERSION=\""`cat version`"\" -I../include -o binaries/strncmp.o ../lib/strncmp.c
arm-none-eabi-gcc -mcpu=cortex-a8 -mno-unaligned-access -marm -fno-builtin -fno-stack-protector -nostdlib -c -Wall -O -DBSDURG -DVERSION=\""`cat version`"\" -I../include -o binaries/strncpy.o ../lib/strncpy.c
arm-none-eabi-gcc -mcpu=cortex-a8 -mno-unaligned-access -marm -fno-builtin -fno-stack-protector -nostdlib -c -Wall -O -DBSDURG -DVERSION=\""`cat version`"\" -I../include -o binaries/strnlen.o ../lib/strnlen.c
arm-none-eabi-gcc -mcpu=cortex-a8 -mno-unaligned-access -marm -fno-builtin -fno-stack-protector -nostdlib -c -Wall -O -DBSDURG -DVERSION=\""`cat version`"\" -I../include -o binaries/strrchr.o ../lib/strrchr.c
arm-none-eabi-gcc -mcpu=cortex-a8 -mno-unaligned-access -marm -fno-builtin -fno-stack-protector -nostdlib -c -Wall -O -DBSDURG -DVERSION=\""`cat version`"\" -I../include -o binaries/strstr.o ../lib/strstr.c
arm-none-eabi-gcc -mcpu=cortex-a8 -mno-unaligned-access -marm -fno-builtin -fno-stack-protector -nostdlib -c -Wall -O -DBSDURG -DVERSION=\""`cat version`"\" -I../include -o binaries/consume.o ../apps/consume.c
arm-none-eabi-gcc -mcpu=cortex-a8 -mno-unaligned-access -marm -fno-builtin -fno-stack-protector -nostdlib -c -Wall -O -DBSDURG -DVERSION=\""`cat version`"\" -I../include -o binaries/future_cons.o ../apps/future_cons.c
arm-none-eabi-gcc -mcpu=cortex-a8 -mno-unaligned-access -marm -fno-builtin -fno-stack-protector -nostdlib -c -Wall -O -DBSDURG -DVERSION=\""`cat version`"\" -I../include -o binaries/future_prod.o ../apps/future_prod.c
arm-none-eabi-gcc -mcpu=cortex-a8 -mno-unaligned-access -marm -fno-builtin -fno-stack-protector -nostdlib -c -Wall -O -DBSDURG -DVERSION=\""`cat version`"\" -I../include -o binaries/produce.o ../apps/produce.c
arm-none-eabi-gcc -mcpu=cortex-a8 -mno-unaligned-access -marm -fno-builtin -fno-stack-protector -nostdlib -c -Wall -O -DBSDURG -DVERSION=\""`cat version`"\" -I../include -o binaries/ttycontrol.o ../device/tty/ttycontrol.c
arm-none-eabi-gcc -mcpu=cortex-a8 -mno-unaligned-access -marm -fno-builtin -fno-stack-protector -nostdlib -c -Wall -O -DBSDURG -DVERSION=\""`cat version`"\" -I../include -o binaries/ttygetc.o ../device/tty/ttygetc.c
arm-none-eabi-gcc -mcpu=cortex-a8 -mno-unaligned-access -marm -fno-builtin -fno-stack-protector -nostdlib -c -Wall -O -DBSDURG -DVERSION=\""`cat version`"\" -I../include -o binaries/ttyhandle_in.o ../device/tty/ttyhandle_in.c
arm-none-eabi-gcc -mcpu=cortex-a8 -mno-unaligned-access -marm -fno-builtin -fno-stack-protector -nostdlib -c -Wall -O -DBSDURG -DVERSION=\""`cat version`"\" -I../include -o binaries/ttyhandle_out.o ../device/tty/ttyhandle_out.c
arm-none-eabi-gcc -mcpu=cortex-a8 -mno-unaligned-access -marm -fno-builtin -fno-stack-protector -nostdlib -c -Wall -O -DBSDURG -DVERSION=\""`cat version`"\" -I../include -o binaries/ttyhandler.o ../device/tty/ttyhandler.c
arm-none-eabi-gcc -mcpu=cortex-a8 -mno-unaligned-access -marm -fno-builtin -fno-stack-protector -nostdlib -c -Wall -O -DBSDURG -DVERSION=\""`cat version`"\" -I../include -o binaries/ttyinit.o ../device/tty/ttyinit.c
arm-none-eabi-gcc -mcpu=cortex-a8 -mno-unaligned-access -marm -fno-builtin -fno-stack-protector -nostdlib -c -Wall -O -DBSDURG -DVERSION=\""`cat version`"\" -I../include -o binaries/ttykickout.o ../device/tty/ttykickout.c
arm-none-eabi-gcc -mcpu=cortex-a8 -mno-unaligned-access -marm -fno-builtin -fno-stack-protector -nostdlib -c -Wall -O -DBSDURG -DVERSION=\""`cat version`"\" -I../include -o binaries/ttyputc.o ../device/tty/ttyputc.c
arm-none-eabi-gcc -mcpu=cortex-a8 -mno-unaligned-access -marm -fno-builtin -fno-stack-protector -nostdlib -c -Wall -O -DBSDURG -DVERSION=\""`cat version`"\" -I../include -o binaries/ttyread.o ../device/tty/ttyread.c
arm-none-eabi-gcc -mcpu=cortex-a8 -mno-unaligned-access -marm -fno-builtin -fno-stack-protector -nostdlib -c -Wall -O -DBSDURG -DVERSION=\""`cat version`"\" -I../include -o binaries/ttywrite.o ../device/tty/ttywrite.c
arm-none-eabi-gcc -mcpu=cortex-a8 -mno-unaligned-access -marm -fno-builtin -fno-stack-protector -nostdlib -c -Wall -O -DBSDURG -DVERSION=\""`cat version`"\" -I../include -o binaries/mount.o ../device/nam/mount.c
arm-none-eabi-gcc -mcpu=cortex-a8 -mno-unaligned-access -marm -fno-builtin -fno-stack-protector -nostdlib -c -Wall -O -DBSDURG -DVERSION=\""`cat version`"\" -I../include -o binaries/naminit.o ../device/nam/naminit.c
arm-none-eabi-gcc -mcpu=cortex-a8 -mno-unaligned-access -marm -fno-builtin -fno-stack-protector -nostdlib -c -Wall -O -DBSDURG -DVERSION=\""`cat version`"\" -I../include -o binaries/nammap.o ../device/nam/nammap.c
arm-none-eabi-gcc -mcpu=cortex-a8 -mno-unaligned-access -marm -fno-builtin -fno-stack-protector -nostdlib -c -Wall -O -DBSDURG -DVERSION=\""`cat version`"\" -I../include -o binaries/namopen.o ../device/nam/namopen.c
arm-none-eabi-gcc -mcpu=cortex-a8 -mno-unaligned-access -marm -fno-builtin -fno-stack-protector -nostdlib -c -Wall -O -DBSDURG -DVERSION=\""`cat version`"\" -I../include -o binaries/colon2mac.o ../device/eth/colon2mac.c
arm-none-eabi-gcc -mcpu=cortex-a8 -mno-unaligned-access -marm -fno-builtin -fno-stack-protector -nostdlib -c -Wall -O -DBSDURG -DVERSION=\""`cat version`"\" -I../include -o binaries/ethcontrol.o ../device/eth/ethcontrol.c
arm-none-eabi-gcc -mcpu=cortex-a8 -mno-unaligned-access -marm -fno-builtin -fno-stack-protector -nostdlib -c -Wall -O -DBSDURG -DVERSION=\""`cat version`"\" -I../include -o binaries/ethhandler.o ../device/eth/ethhandler.c
arm-none-eabi-gcc -mcpu=cortex-a8 -mno-unaligned-access -marm -fno-builtin -fno-stack-protector -nostdlib -c -Wall -O -DBSDURG -DVERSION=\""`cat version`"\" -I../include -o binaries/ethinit.o ../device/eth/ethinit.c
arm-none-eabi-gcc -mcpu=cortex-a8 -mno-unaligned-access -marm -fno-builtin -fno-stack-protector -nostdlib -c -Wall -O -DBSDURG -DVERSION=\""`cat version`"\" -I../include -o binaries/ethread.o ../device/eth/ethread.c
arm-none-eabi-gcc -mcpu=cortex-a8 -mno-unaligned-access -marm -fno-builtin -fno-stack-protector -nostdlib -c -Wall -O -DBSDURG -DVERSION=\""`cat version`"\" -I../include -o binaries/ethwrite.o ../device/eth/ethwrite.c
arm-none-eabi-gcc -mcpu=cortex-a8 -mno-unaligned-access -marm -fno-builtin -fno-stack-protector -nostdlib -c -Wall -O -DBSDURG -DVERSION=\""`cat version`"\" -I../include -o binaries/rdsbufalloc.o ../device/rds/rdsbufalloc.c
arm-none-eabi-gcc -mcpu=cortex-a8 -mno-unaligned-access -marm -fno-builtin -fno-stack-protector -nostdlib -c -Wall -O -DBSDURG -DVERSION=\""`cat version`"\" -I../include -o binaries/rdsclose.o ../device/rds/rdsclose.c
arm-none-eabi-gcc -mcpu=cortex-a8 -mno-unaligned-access -marm -fno-builtin -fno-stack-protector -nostdlib -c -Wall -O -DBSDURG -DVERSION=\""`cat version`"\" -I../include -o binaries/rdscomm.o ../device/rds/rdscomm.c
arm-none-eabi-gcc -mcpu=cortex-a8 -mno-unaligned-access -marm -fno-builtin -fno-stack-protector -nostdlib -c -Wall -O -DBSDURG -DVERSION=\""`cat version`"\" -I../include -o binaries/rdscontrol.o ../device/rds/rdscontrol.c
arm-none-eabi-gcc -mcpu=cortex-a8 -mno-unaligned-access -marm -fno-builtin -fno-stack-protector -nostdlib -c -Wall -O -DBSDURG -DVERSION=\""`cat version`"\" -I../include -o binaries/rdsinit.o ../device/rds/rdsinit.c
arm-none-eabi-gcc -mcpu=cortex-a8 -mno-unaligned-access -marm -fno-builtin -fno-stack-protector -nostdlib -c -Wall -O -DBSDURG -DVERSION=\""`cat version`"\" -I../include -o binaries/rdsopen.o ../device/rds/rdsopen.c
arm-none-eabi-gcc -mcpu=cortex-a8 -mno-unaligned-access -marm -fno-builtin -fno-stack-protector -nostdlib -c -Wall -O -DBSDURG -DVERSION=\""`cat version`"\" -I../include -o binaries/rdsprocess.o ../device/rds/rdsprocess.c
arm-none-eabi-gcc -mcpu=cortex-a8 -mno-unaligned-access -marm -fno-builtin -fno-stack-protector -nostdlib -c -Wall -O -DBSDURG -DVERSION=\""`cat version`"\" -I../include -o binaries/rdsread.o ../device/rds/rdsread.c
arm-none-eabi-gcc -mcpu=cortex-a8 -mno-unaligned-access -marm -fno-builtin -fno-stack-protector -nostdlib -c -Wall -O -DBSDURG -DVERSION=\""`cat version`"\" -I../include -o binaries/rdswrite.o ../device/rds/rdswrite.c
arm-none-eabi-gcc -mcpu=cortex-a8 -mno-unaligned-access -marm -fno-builtin -fno-stack-protector -nostdlib -c -Wall -O -DBSDURG -DVERSION=\""`cat version`"\" -I../include -o binaries/ramclose.o ../device/ram/ramclose.c
arm-none-eabi-gcc -mcpu=cortex-a8 -mno-unaligned-access -marm -fno-builtin -fno-stack-protector -nostdlib -c -Wall -O -DBSDURG -DVERSION=\""`cat version`"\" -I../include -o binaries/raminit.o ../device/ram/raminit.c
arm-none-eabi-gcc -mcpu=cortex-a8 -mno-unaligned-access -marm -fno-builtin -fno-stack-protector -nostdlib -c -Wall -O -DBSDURG -DVERSION=\""`cat version`"\" -I../include -o binaries/ramopen.o ../device/ram/ramopen.c
arm-none-eabi-gcc -mcpu=cortex-a8 -mno-unaligned-access -marm -fno-builtin -fno-stack-protector -nostdlib -c -Wall -O -DBSDURG -DVERSION=\""`cat version`"\" -I../include -o binaries/ramread.o ../device/ram/ramread.c
arm-none-eabi-gcc -mcpu=cortex-a8 -mno-unaligned-access -marm -fno-builtin -fno-stack-protector -nostdlib -c -Wall -O -DBSDURG -DVERSION=\""`cat version`"\" -I../include -o binaries/ramwrite.o ../device/ram/ramwrite.c
arm-none-eabi-gcc -mcpu=cortex-a8 -mno-unaligned-access -marm -fno-builtin -fno-stack-protector -nostdlib -c -Wall -O -DBSDURG -DVERSION=\""`cat version`"\" -I../include -o binaries/lfdballoc.o ../device/lfs/lfdballoc.c
arm-none-eabi-gcc -mcpu=cortex-a8 -mno-unaligned-access -marm -fno-builtin -fno-stack-protector -nostdlib -c -Wall -O -DBSDURG -DVERSION=\""`cat version`"\" -I../include -o binaries/lfdbfree.o ../device/lfs/lfdbfree.c
arm-none-eabi-gcc -mcpu=cortex-a8 -mno-unaligned-access -marm -fno-builtin -fno-stack-protector -nostdlib -c -Wall -O -DBSDURG -DVERSION=\""`cat version`"\" -I../include -o binaries/lfflush.o ../device/lfs/lfflush.c
arm-none-eabi-gcc -mcpu=cortex-a8 -mno-unaligned-access -marm -fno-builtin -fno-stack-protector -nostdlib -c -Wall -O -DBSDURG -DVERSION=\""`cat version`"\" -I../include -o binaries/lfgetmode.o ../device/lfs/lfgetmode.c
arm-none-eabi-gcc -mcpu=cortex-a8 -mno-unaligned-access -marm -fno-builtin -fno-stack-protector -nostdlib -c -Wall -O -DBSDURG -DVERSION=\""`cat version`"\" -I../include -o binaries/lfiballoc.o ../device/lfs/lfiballoc.c
arm-none-eabi-gcc -mcpu=cortex-a8 -mno-unaligned-access -marm -fno-builtin -fno-stack-protector -nostdlib -c -Wall -O -DBSDURG -DVERSION=\""`cat version`"\" -I../include -o binaries/lfibclear.o ../device/lfs/lfibclear.c
arm-none-eabi-gcc -mcpu=cortex-a8 -mno-unaligned-access -marm -fno-builtin -fno-stack-protector -nostdlib -c -Wall -O -DBSDURG -DVERSION=\""`cat version`"\" -I../include -o binaries/lfibget.o ../device/lfs/lfibget.c
arm-none-eabi-gcc -mcpu=cortex-a8 -mno-unaligned-access -marm -fno-builtin -fno-stack-protector -nostdlib -c -Wall -O -DBSDURG -DVERSION=\""`cat version`"\" -I../include -o binaries/lfibput.o ../device/lfs/lfibput.c
arm-none-eabi-gcc -mcpu=cortex-a8 -mno-unaligned-access -marm -fno-builtin -fno-stack-protector -nostdlib -c -Wall -O -DBSDURG -DVERSION=\""`cat version`"\" -I../include -o binaries/lflclose.o ../device/lfs/lflclose.c
arm-none-eabi-gcc -mcpu=cortex-a8 -mno-unaligned-access -marm -fno-builtin -fno-stack-protector -nostdlib -c -Wall -O -DBSDURG -DVERSION=\""`cat version`"\" -I../include -o binaries/lflcontrol.o ../device/lfs/lflcontrol.c
arm-none-eabi-gcc -mcpu=cortex-a8 -mno-unaligned-access -marm -fno-builtin -fno-stack-protector -nostdlib -c -Wall -O -DBSDURG -DVERSION=\""`cat version`"\" -I../include -o binaries/lflgetc.o ../device/lfs/lflgetc.c
arm-none-eabi-gcc -mcpu=cortex-a8 -mno-unaligned-access -marm -fno-builtin -fno-stack-protector -nostdlib -c -Wall -O -DBSDURG -DVERSION=\""`cat version`"\" -I../include -o binaries/lflinit.o ../device/lfs/lflinit.c
arm-none-eabi-gcc -mcpu=cortex-a8 -mno-unaligned-access -marm -fno-builtin -fno-stack-protector -nostdlib -c -Wall -O -DBSDURG -DVERSION=\""`cat version`"\" -I../include -o binaries/lflputc.o ../device/lfs/lflputc.c
arm-none-eabi-gcc -mcpu=cortex-a8 -mno-unaligned-access -marm -fno-builtin -fno-stack-protector -nostdlib -c -Wall -O -DBSDURG -DVERSION=\""`cat version`"\" -I../include -o binaries/lflread.o ../device/lfs/lflread.c
arm-none-eabi-gcc -mcpu=cortex-a8 -mno-unaligned-access -marm -fno-builtin -fno-stack-protector -nostdlib -c -Wall -O -DBSDURG -DVERSION=\""`cat version`"\" -I../include -o binaries/lflseek.o ../device/lfs/lflseek.c
arm-none-eabi-gcc -mcpu=cortex-a8 -mno-unaligned-access -marm -fno-builtin -fno-stack-protector -nostdlib -c -Wall -O -DBSDURG -DVERSION=\""`cat version`"\" -I../include -o binaries/lflwrite.o ../device/lfs/lflwrite.c
arm-none-eabi-gcc -mcpu=cortex-a8 -mno-unaligned-access -marm -fno-builtin -fno-stack-protector -nostdlib -c -Wall -O -DBSDURG -DVERSION=\""`cat version`"\" -I../include -o binaries/lfsckfmt.o ../device/lfs/lfsckfmt.c
arm-none-eabi-gcc -mcpu=cortex-a8 -mno-unaligned-access -marm -fno-builtin -fno-stack-protector -nostdlib -c -Wall -O -DBSDURG -DVERSION=\""`cat version`"\" -I../include -o binaries/lfscreate.o ../device/lfs/lfscreate.c
arm-none-eabi-gcc -mcpu=cortex-a8 -mno-unaligned-access -marm -fno-builtin -fno-stack-protector -nostdlib -c -Wall -O -DBSDURG -DVERSION=\""`cat version`"\" -I../include -o binaries/lfsetup.o ../device/lfs/lfsetup.c
arm-none-eabi-gcc -mcpu=cortex-a8 -mno-unaligned-access -marm -fno-builtin -fno-stack-protector -nostdlib -c -Wall -O -DBSDURG -DVERSION=\""`cat version`"\" -I../include -o binaries/lfsinit.o ../device/lfs/lfsinit.c
arm-none-eabi-gcc -mcpu=cortex-a8 -mno-unaligned-access -marm -fno-builtin -fno-stack-protector -nostdlib -c -Wall -O -DBSDURG -DVERSION=\""`cat version`"\" -I../include -o binaries/lfsopen.o ../device/lfs/lfsopen.c
arm-none-eabi-gcc -mcpu=cortex-a8 -mno-unaligned-access -marm -fno-builtin -fno-stack-protector -nostdlib -c -Wall -O -DBSDURG -DVERSION=\""`cat version`"\" -I../include -o binaries/lftruncate.o ../device/lfs/lftruncate.c
arm-none-eabi-gcc -mcpu=cortex-a8 -mno-unaligned-access -marm -fno-builtin -fno-stack-protector -nostdlib -c -Wall -O -DBSDURG -DVERSION=\""`cat version`"\" -I../include -o binaries/rflclose.o ../device/rfs/rflclose.c
arm-none-eabi-gcc -mcpu=cortex-a8 -mno-unaligned-access -marm -fno-builtin -fno-stack-protector -nostdlib -c -Wall -O -DBSDURG -DVERSION=\""`cat version`"\" -I../include -o binaries/rflgetc.o ../device/rfs/rflgetc.c
arm-none-eabi-gcc -mcpu=cortex-a8 -mno-unaligned-access -marm -fno-builtin -fno-stack-protector -nostdlib -c -Wall -O -DBSDURG -DVERSION=\""`cat version`"\" -I../include -o binaries/rflinit.o ../device/rfs/rflinit.c
arm-none-eabi-gcc -mcpu=cortex-a8 -mno-unaligned-access -marm -fno-builtin -fno-stack-protector -nostdlib -c -Wall -O -DBSDURG -DVERSION=\""`cat version`"\" -I../include -o binaries/rflputc.o ../device/rfs/rflputc.c
arm-none-eabi-gcc -mcpu=cortex-a8 -mno-unaligned-access -marm -fno-builtin -fno-stack-protector -nostdlib -c -Wall -O -DBSDURG -DVERSION=\""`cat version`"\" -I../include -o binaries/rflread.o ../device/rfs/rflread.c
arm-none-eabi-gcc -mcpu=cortex-a8 -mno-unaligned-access -marm -fno-builtin -fno-stack-protector -nostdlib -c -Wall -O -DBSDURG -DVERSION=\""`cat version`"\" -I../include -o binaries/rflseek.o ../device/rfs/rflseek.c
arm-none-eabi-gcc -mcpu=cortex-a8 -mno-unaligned-access -marm -fno-builtin -fno-stack-protector -nostdlib -c -Wall -O -DBSDURG -DVERSION=\""`cat version`"\" -I../include -o binaries/rflwrite.o ../device/rfs/rflwrite.c
arm-none-eabi-gcc -mcpu=cortex-a8 -mno-unaligned-access -marm -fno-builtin -fno-stack-protector -nostdlib -c -Wall -O -DBSDURG -DVERSION=\""`cat version`"\" -I../include -o binaries/rfscomm.o ../device/rfs/rfscomm.c
arm-none-eabi-gcc -mcpu=cortex-a8 -mno-unaligned-access -marm -fno-builtin -fno-stack-protector -nostdlib -c -Wall -O -DBSDURG -DVERSION=\""`cat version`"\" -I../include -o binaries/rfscontrol.o ../device/rfs/rfscontrol.c
arm-none-eabi-gcc -mcpu=cortex-a8 -mno-unaligned-access -marm -fno-builtin -fno-stack-protector -nostdlib -c -Wall -O -DBSDURG -DVERSION=\""`cat version`"\" -I../include -o binaries/rfsgetmode.o ../device/rfs/rfsgetmode.c
arm-none-eabi-gcc -mcpu=cortex-a8 -mno-unaligned-access -marm -fno-builtin -fno-stack-protector -nostdlib -c -Wall -O -DBSDURG -DVERSION=\""`cat version`"\" -I../include -o binaries/rfsinit.o ../device/rfs/rfsinit.c
arm-none-eabi-gcc -mcpu=cortex-a8 -mno-unaligned-access -marm -fno-builtin -fno-stack-protector -nostdlib -c -Wall -O -DBSDURG -DVERSION=\""`cat version`"\" -I../include -o binaries/rfsndmsg.o ../device/rfs/rfsndmsg.c
arm-none-eabi-gcc -mcpu=cortex-a8 -mno-unaligned-access -marm -fno-builtin -fno-stack-protector -nostdlib -c -Wall -O -DBSDURG -DVERSION=\""`cat version`"\" -I../include -o binaries/rfsopen.o ../device/rfs/rfsopen.c
arm-none-eabi-gcc -mcpu=cortex-a8 -mno-unaligned-access -marm -fno-builtin -fno-stack-protector -nostdlib -c -Wall -O -DBSDURG -DVERSION=\""`cat version`"\" -I../include -o binaries/arp.o ../net/arp.c
arm-none-eabi-gcc -mcpu=cortex-a8 -mno-unaligned-access -marm -fno-builtin -fno-stack-protector -nostdlib -c -Wall -O -DBSDURG -DVERSION=\""`cat version`"\" -I../include -o binaries/dhcp.o ../net/dhcp.c
arm-none-eabi-gcc -mcpu=cortex-a8 -mno-unaligned-access -marm -fno-builtin -fno-stack-protector -nostdlib -c -Wall -O -DBSDURG -DVERSION=\""`cat version`"\" -I../include -o binaries/dns.o ../net/dns.c
arm-none-eabi-gcc -mcpu=cortex-a8 -mno-unaligned-access -marm -fno-builtin -fno-stack-protector -nostdlib -c -Wall -O -DBSDURG -DVERSION=\""`cat version`"\" -I../include -o binaries/dot2ip.o ../net/dot2ip.c
arm-none-eabi-gcc -mcpu=cortex-a8 -mno-unaligned-access -marm -fno-builtin -fno-stack-protector -nostdlib -c -Wall -O -DBSDURG -DVERSION=\""`cat version`"\" -I../include -o binaries/hexdump.o ../net/hexdump.c
arm-none-eabi-gcc -mcpu=cortex-a8 -mno-unaligned-access -marm -fno-builtin -fno-stack-protector -nostdlib -c -Wall -O -DBSDURG -DVERSION=\""`cat version`"\" -I../include -o binaries/icmp.o ../net/icmp.c
arm-none-eabi-gcc -mcpu=cortex-a8 -mno-unaligned-access -marm -fno-builtin -fno-stack-protector -nostdlib -c -Wall -O -DBSDURG -DVERSION=\""`cat version`"\" -I../include -o binaries/ip.o ../net/ip.c
arm-none-eabi-gcc -mcpu=cortex-a8 -mno-unaligned-access -marm -fno-builtin -fno-stack-protector -nostdlib -c -Wall -O -DBSDURG -DVERSION=\""`cat version`"\" -I../include -o binaries/net.o ../net/net.c
arm-none-eabi-gcc -mcpu=cortex-a8 -mno-unaligned-access -marm -fno-builtin -fno-stack-protector -nostdlib -c -Wall -O -DBSDURG -DVERSION=\""`cat version`"\" -I../include -o binaries/netstart.o ../net/netstart.c
arm-none-eabi-gcc -mcpu=cortex-a8 -mno-unaligned-access -marm -fno-builtin -fno-stack-protector -nostdlib -c -Wall -O -DBSDURG -DVERSION=\""`cat version`"\" -I../include -o binaries/pdump.o ../net/pdump.c
arm-none-eabi-gcc -mcpu=cortex-a8 -mno-unaligned-access -marm -fno-builtin -fno-stack-protector -nostdlib -c -Wall -O -DBSDURG -DVERSION=\""`cat version`"\" -I../include -o binaries/tftp.o ../net/tftp.c
arm-none-eabi-gcc -mcpu=cortex-a8 -mno-unaligned-access -marm -fno-builtin -fno-stack-protector -nostdlib -c -Wall -O -DBSDURG -DVERSION=\""`cat version`"\" -I../include -o binaries/udp.o ../net/udp.c
arm-none-eabi-gcc -mcpu=cortex-a8 -mno-unaligned-access -marm -fno-builtin -fno-stack-protector -nostdlib -c -Wall -O -DBSDURG -DVERSION=\""`cat version`"\" -I../include -o binaries/addargs.o ../shell/addargs.c
arm-none-eabi-gcc -mcpu=cortex-a8 -mno-unaligned-access -marm -fno-builtin -fno-stack-protector -nostdlib -c -Wall -O -DBSDURG -DVERSION=\""`cat version`"\" -I../include -o binaries/lexan.o ../shell/lexan.c
arm-none-eabi-gcc -mcpu=cortex-a8 -mno-unaligned-access -marm -fno-builtin -fno-stack-protector -nostdlib -c -Wall -O -DBSDURG -DVERSION=\""`cat version`"\" -I../include -o binaries/shell.o ../shell/shell.c
arm-none-eabi-gcc -mcpu=cortex-a8 -mno-unaligned-access -marm -fno-builtin -fno-stack-protector -nostdlib -c -Wall -O -DBSDURG -DVERSION=\""`cat version`"\" -I../include -o binaries/xsh_argecho.o ../shell/xsh_argecho.c
arm-none-eabi-gcc -mcpu=cortex-a8 -mno-unaligned-access -marm -fno-builtin -fno-stack-protector -nostdlib -c -Wall -O -DBSDURG -DVERSION=\""`cat version`"\" -I../include -o binaries/xsh_arp.o ../shell/xsh_arp.c
arm-none-eabi-gcc -mcpu=cortex-a8 -mno-unaligned-access -marm -fno-builtin -fno-stack-protector -nostdlib -c -Wall -O -DBSDURG -DVERSION=\""`cat version`"\" -I../include -o binaries/xsh_cat.o ../shell/xsh_cat.c
arm-none-eabi-gcc -mcpu=cortex-a8 -mno-unaligned-access -marm -fno-builtin -fno-stack-protector -nostdlib -c -Wall -O -DBSDURG -DVERSION=\""`cat version`"\" -I../include -o binaries/xsh_clear.o ../shell/xsh_clear.c
arm-none-eabi-gcc -mcpu=cortex-a8 -mno-unaligned-access -marm -fno-builtin -fno-stack-protector -nostdlib -c -Wall -O -DBSDURG -DVERSION=\""`cat version`"\" -I../include -o binaries/xsh_date.o ../shell/xsh_date.c
arm-none-eabi-gcc -mcpu=cortex-a8 -mno-unaligned-access -marm -fno-builtin -fno-stack-protector -nostdlib -c -Wall -O -DBSDURG -DVERSION=\""`cat version`"\" -I../include -o binaries/xsh_devdump.o ../shell/xsh_devdump.c
arm-none-eabi-gcc -mcpu=cortex-a8 -mno-unaligned-access -marm -fno-builtin -fno-stack-protector -nostdlib -c -Wall -O -DBSDURG -DVERSION=\""`cat version`"\" -I../include -o binaries/xsh_echo.o ../shell/xsh_echo.c
arm-none-eabi-gcc -mcpu=cortex-a8 -mno-unaligned-access -marm -fno-builtin -fno-stack-protector -nostdlib -c -Wall -O -DBSDURG -DVERSION=\""`cat version`"\" -I../include -o binaries/xsh_exit.o ../shell/xsh_exit.c
arm-none-eabi-gcc -mcpu=cortex-a8 -mno-unaligned-access -marm -fno-builtin -fno-stack-protector -nostdlib -c -Wall -O -DBSDURG -DVERSION=\""`cat version`"\" -I../include -o binaries/xsh_hello.o ../shell/xsh_hello.c
arm-none-eabi-gcc -mcpu=cortex-a8 -mno-unaligned-access -marm -fno-builtin -fno-stack-protector -nostdlib -c -Wall -O -DBSDURG -DVERSION=\""`cat version`"\" -I../include -o binaries/xsh_help.o ../shell/xsh_help.c
arm-none-eabi-gcc -mcpu=cortex-a8 -mno-unaligned-access -marm -fno-builtin -fno-stack-protector -nostdlib -c -Wall -O -DBSDURG -DVERSION=\""`cat version`"\" -I../include -o binaries/xsh_ipaddr.o ../shell/xsh_ipaddr.c
arm-none-eabi-gcc -mcpu=cortex-a8 -mno-unaligned-access -marm -fno-builtin -fno-stack-protector -nostdlib -c -Wall -O -DBSDURG -DVERSION=\""`cat version`"\" -I../include -o binaries/xsh_kill.o ../shell/xsh_kill.c
arm-none-eabi-gcc -mcpu=cortex-a8 -mno-unaligned-access -marm -fno-builtin -fno-stack-protector -nostdlib -c -Wall -O -DBSDURG -DVERSION=\""`cat version`"\" -I../include -o binaries/xsh_led.o ../shell/xsh_led.c
arm-none-eabi-gcc -mcpu=cortex-a8 -mno-unaligned-access -marm -fno-builtin -fno-stack-protector -nostdlib -c -Wall -O -DBSDURG -DVERSION=\""`cat version`"\" -I../include -o binaries/xsh_memdump.o ../shell/xsh_memdump.c
arm-none-eabi-gcc -mcpu=cortex-a8 -mno-unaligned-access -marm -fno-builtin -fno-stack-protector -nostdlib -c -Wall -O -DBSDURG -DVERSION=\""`cat version`"\" -I../include -o binaries/xsh_memstat.o ../shell/xsh_memstat.c
arm-none-eabi-gcc -mcpu=cortex-a8 -mno-unaligned-access -marm -fno-builtin -fno-stack-protector -nostdlib -c -Wall -O -DBSDURG -DVERSION=\""`cat version`"\" -I../include -o binaries/xsh_ping.o ../shell/xsh_ping.c
arm-none-eabi-gcc -mcpu=cortex-a8 -mno-unaligned-access -marm -fno-builtin -fno-stack-protector -nostdlib -c -Wall -O -DBSDURG -DVERSION=\""`cat version`"\" -I../include -o binaries/xsh_prodcons.o ../shell/xsh_prodcons.c
arm-none-eabi-gcc -mcpu=cortex-a8 -mno-unaligned-access -marm -fno-builtin -fno-stack-protector -nostdlib -c -Wall -O -DBSDURG -DVERSION=\""`cat version`"\" -I../include -o binaries/xsh_ps.o ../shell/xsh_ps.c
arm-none-eabi-gcc -mcpu=cortex-a8 -mno-unaligned-access -marm -fno-builtin -fno-stack-protector -nostdlib -c -Wall -O -DBSDURG -DVERSION=\""`cat version`"\" -I../include -o binaries/xsh_reset.o ../shell/xsh_reset.c
arm-none-eabi-gcc -mcpu=cortex-a8 -mno-unaligned-access -marm -fno-builtin -fno-stack-protector -nostdlib -c -Wall -O -DBSDURG -DVERSION=\""`cat version`"\" -I../include -o binaries/xsh_sleep.o ../shell/xsh_sleep.c
arm-none-eabi-gcc -mcpu=cortex-a8 -mno-unaligned-access -marm -fno-builtin -fno-stack-protector -nostdlib -c -Wall -O -DBSDURG -DVERSION=\""`cat version`"\" -I../include -o binaries/xsh_udpdump.o ../shell/xsh_udpdump.c
arm-none-eabi-gcc -mcpu=cortex-a8 -mno-unaligned-access -marm -fno-builtin -fno-stack-protector -nostdlib -c -Wall -O -DBSDURG -DVERSION=\""`cat version`"\" -I../include -o binaries/xsh_udpecho.o ../shell/xsh_udpecho.c
arm-none-eabi-gcc -mcpu=cortex-a8 -mno-unaligned-access -marm -fno-builtin -fno-stack-protector -nostdlib -c -Wall -O -DBSDURG -DVERSION=\""`cat version`"\" -I../include -o binaries/xsh_udpeserver.o ../shell/xsh_udpeserver.c
arm-none-eabi-gcc -mcpu=cortex-a8 -mno-unaligned-access -marm -fno-builtin -fno-stack-protector -nostdlib -c -Wall -O -DBSDURG -DVERSION=\""`cat version`"\" -I../include -o binaries/xsh_uptime.o ../shell/xsh_uptime.c
arm-none-eabi-gcc -mcpu=cortex-a8 -mno-unaligned-access -marm -fno-builtin -fno-stack-protector -nostdlib -c -Wall -O -DBSDURG -DVERSION=\""`cat version`"\" -I../include -o binaries/ctxsw.o ../system/ctxsw.S
arm-none-eabi-gcc -mcpu=cortex-a8 -mno-unaligned-access -marm -fno-builtin -fno-stack-protector -nostdlib -c -Wall -O -DBSDURG -DVERSION=\""`cat version`"\" -I../include -o binaries/intr.o ../system/intr.S

Loading object files to produce xinu
Image Name:   
Created:      Sat Oct 24 15:25:10 2015
Image Type:   ARM Linux Kernel Image (uncompressed)
Data Size:    98304 Bytes = 96.00 kB = 0.09 MB
Load Address: 0x81000000
Entry Point:  0x81000000
cp xinu.boot /tftpboot
